2026-05-02 07:55:00.100 [I] == Starting software ==
2026-05-02 08:00:05.200 [I] == Session started for user: kowalski ==
2026-05-02 08:01:00.300 [I] Vacuum: command PUMP, chamber
2026-05-02 08:03:30.400 [I] Vacuum: Vacuum: ready in 150 s, chamber pressure 1.2e-003 Pa
2026-05-02 08:05:00.500 [I] Vacuum: command GVL open, gun valve opened
2026-05-02 09:30:00.600 [I] Vacuum: command GVL close, gun valve closed
2026-05-02 09:35:00.700 [I] Vacuum: command VENT, chamber
2026-05-02 09:40:00.800 [I] == Session finished ==
2026-05-02 10:00:00.900 [I] == Session started for user: zielinski ==
2026-05-02 10:01:00.100 [I] Vacuum: command PUMP, chamber
2026-05-02 10:03:15.200 [I] Vacuum: Vacuum: ready in 135 s, chamber pressure 1.1e-003 Pa
2026-05-02 10:05:00.300 [I] Vacuum: command GVL open, gun valve opened
2026-05-02 12:15:30.400 [I] Vacuum: command GVL close, gun valve closed
2026-05-02 12:20:00.500 [I] Vacuum: command VENT, chamber
2026-05-02 12:25:00.600 [I] Vacuum: command OFF
2026-05-02 12:30:00.700 [I] == Session finished ==
2026-05-02 13:00:00.800 [I] == Session started for user: nowak ==
2026-05-02 13:01:00.900 [I] Vacuum: command PUMP, chamber
2026-05-02 13:02:30.100 [I] Vacuum: command VENT, chamber
2026-05-02 13:05:00.200 [I] Vacuum: command PUMP, chamber
2026-05-02 13:07:45.300 [I] Vacuum: Vacuum: ready in 165 s, chamber pressure 1.3e-003 Pa
2026-05-02 13:10:00.400 [I] Vacuum: command GVL open, gun valve opened
2026-05-02 14:45:00.500 [I] Vacuum: command GVL close, gun valve closed
2026-05-02 14:50:00.600 [I] Vacuum: command VENT, chamber
2026-05-02 14:55:00.700 [I] == Session finished ==
2026-05-02 15:00:00.800 [I] == Terminating software ==
