2026-05-05 08:20:05.416 [I]  30.0  29.8  0.0  2.794  41.4  5.4e-005  7.6e-003  Open
2026-05-05 08:20:06.416 [I]  30.0  29.9  0.1  2.795  41.5  5.3e-005  7.5e-003  Open
2026-05-05 08:20:07.416 [I]  30.0  30.0  0.3  2.796  41.5  5.2e-005  7.4e-003  Open
2026-05-05 08:20:08.416 [I]  30.0  30.0  0.5  2.797  41.6  5.1e-005  7.3e-003  Open
2026-05-05 08:20:09.416 [I]  30.0  30.0  0.8  2.798  41.6  5.0e-005  7.2e-003  Open
2026-05-05 08:20:10.416 [I]  30.0  30.0  1.2  2.800  41.7  4.9e-005  7.1e-003  Open
2026-05-05 08:20:11.416 [I]  30.0  30.0  1.5  2.801  41.7  4.8e-005  7.0e-003  Open
2026-05-05 08:20:12.416 [I]  30.0  30.0  1.8  2.802  41.8  4.7e-005  6.9e-003  Open
2026-05-05 08:20:13.416 [I]  30.0  30.0  2.0  2.803  41.8  4.6e-005  6.8e-003  Open
2026-05-05 08:20:14.416 [I]  30.0  30.0  2.2  2.804  41.9  4.5e-005  6.7e-003  Open
2026-05-05 08:45:20.416 [I]  30.0  30.0  2.5  2.810  42.0  4.0e-005  5.5e-003  Open
2026-05-05 08:45:21.416 [I]  30.0  30.0  2.3  2.809  42.0  4.1e-005  5.6e-003  Open
2026-05-05 08:45:22.416 [I]  30.0  29.5  1.0  2.808  41.9  4.2e-005  5.7e-003  Closed
2026-05-05 08:45:23.416 [I]  0.0  15.2  0.0  2.805  40.0  4.5e-005  6.0e-003  Closed
2026-05-05 08:45:24.416 [I]  0.0  5.1  0.0  2.800  38.0  4.8e-005  6.5e-003  Closed
2026-05-05 08:45:25.416 [I]  0.0  0.0  0.0  2.790  35.0  5.0e-005  7.0e-003  Closed
2026-05-05 08:54:14.416 [I]  30.0  29.5  0.0  2.794  41.0  5.2e-005  6.5e-003  Open
2026-05-05 08:54:15.416 [I]  30.0  29.8  0.2  2.796  41.2  5.0e-005  6.3e-003  Open
2026-05-05 08:54:16.416 [I]  30.0  30.0  0.5  2.798  41.4  4.8e-005  6.1e-003  Open
2026-05-05 08:54:17.416 [I]  30.0  30.0  1.0  2.800  41.5  4.6e-005  5.9e-003  Open
2026-05-05 08:54:18.416 [I]  30.0  30.0  1.5  2.802  41.6  4.4e-005  5.7e-003  Open
2026-05-05 09:35:40.416 [I]  30.0  30.0  2.5  2.815  42.2  3.8e-005  4.5e-003  Open
2026-05-05 09:35:41.416 [I]  30.0  30.0  2.3  2.814  42.1  3.9e-005  4.6e-003  Open
2026-05-05 09:35:42.416 [I]  30.0  29.0  0.5  2.812  42.0  4.0e-005  4.8e-003  Closed
2026-05-05 09:35:43.416 [I]  0.0  10.5  0.0  2.805  40.0  4.5e-005  5.5e-003  Closed
2026-05-05 09:35:44.416 [I]  0.0  0.0  0.0  2.790  35.0  5.0e-005  6.5e-003  Closed
