2026-05-05 08:01:12.100 [I] == Starting software ==
2026-05-05 08:01:12.450 [I] SN: VG11841379PL
2026-05-05 08:01:15.200 [I] Vacuum: Vacuum time: 4523 h 17 min
2026-05-05 08:01:15.500 [I] HV: Filament time: 312 h 45 min, type: LaB6
2026-05-05 08:15:30.100 [I] == Session started for user: kowalski ==
2026-05-05 08:15:45.200 [I] Vacuum: command PUMP, chamber
2026-05-05 08:19:12.800 [I] Vacuum: Vacuum: ready in 207 s, chamber
2026-05-05 08:20:01.100 [I] HV: HV is being turned ON
2026-05-05 08:20:05.300 [I] HV: HV has been turned ON
2026-05-05 08:20:05.500 [I] Vacuum: command GVL open, gun
2026-05-05 08:45:22.700 [I] Vacuum: command GVL close, gun
2026-05-05 08:45:25.100 [I] HV: HV is being turned OFF
2026-05-05 08:45:27.300 [I] HV: HV has been turned OFF
2026-05-05 08:45:30.500 [I] Vacuum: command VENT, chamber
2026-05-05 08:50:15.200 [I] Vacuum: command PUMP, chamber
2026-05-05 08:53:48.600 [I] Vacuum: Vacuum: ready in 213 s, chamber
2026-05-05 08:54:10.100 [I] HV: HV is being turned ON
2026-05-05 08:54:14.300 [I] HV: HV has been turned ON
2026-05-05 08:54:14.500 [I] Vacuum: command GVL open, gun
2026-05-05 09:35:42.900 [I] Vacuum: command GVL close, gun
2026-05-05 09:35:45.100 [I] HV: HV heating has been turned OFF
2026-05-05 09:35:48.300 [I] HV: HV has been turned OFF
2026-05-05 09:40:12.100 [I] == Session finished ==
2026-05-05 10:05:30.100 [I] == Session started for user: nowak ==
2026-05-05 10:05:45.200 [I] ChamberView: starting live image
2026-05-05 10:12:30.100 [I] == Session finished ==
2026-05-05 14:04:41.200 [I] == Session started for user: student ==
2026-05-05 14:04:55.100 [I] Vacuum: command PUMP, chamber
2026-05-05 14:07:32.400 [I] Vacuum: Vacuum: ready in 157 s, chamber
2026-05-05 14:07:37.100 [I] HV: HV has been turned ON
2026-05-05 14:07:37.500 [I] Vacuum: command GVL open, gun
2026-05-05 14:18:25.800 [I] Vacuum: command GVL close, gun
2026-05-05 14:18:29.100 [I] HV: HV has been turned OFF
2026-05-05 14:18:35.200 [I] Vacuum: command VENT, chamber
2026-05-05 15:42:48.100 [I] Vacuum: command PUMP, chamber
2026-05-05 15:45:01.400 [I] Vacuum: Vacuum: ready in 133 s, chamber
2026-05-05 15:51:45.100 [I] HV: HV is being turned ON
2026-05-05 15:51:47.300 [I] HV: HV has been turned ON
2026-05-05 15:51:47.500 [I] Vacuum: command GVL open, gun
2026-05-05 17:02:45.200 [I] Vacuum: command GVL close, gun
2026-05-05 17:02:48.100 [I] HV: HV heating has been turned OFF
2026-05-05 17:02:51.300 [I] HV: HV has been turned OFF
2026-05-05 17:07:35.100 [I] == Session finished ==
2026-05-05 17:30:00.100 [I] == Session started for user: visitor ==
2026-05-05 17:30:15.200 [I] Vacuum: command PUMP, chamber
2026-05-05 17:38:42.500 [E] Selftest: TMP pump speed below threshold
2026-05-05 17:39:01.100 [I] Vacuum: command VENT, chamber
2026-05-05 17:40:05.200 [I] Vacuum: command OFF, chamber
2026-05-05 17:42:30.100 [I] == Session finished ==
2026-05-05 18:00:00.100 [I] == Terminating software ==
